<?xml version="1.0" encoding="UTF-8"?>
<testng-results ignored="0" total="2" passed="2" failed="0" skipped="0">
  <reporter-output>
  </reporter-output>
  <suite started-at="2022-11-16T08:14:08 IST" name="opencartSuite" finished-at="2022-11-16T08:14:26 IST" duration-ms="18617">
    <groups>
      <group name="Master">
        <method signature="TC_001_AccountRegistration.test_accountregistration()[pri:0, instance:testCases.TC_001_AccountRegistration@7fa98a66]" name="test_accountregistration" class="testCases.TC_001_AccountRegistration"/>
        <method signature="TC_002_Logintest.test_login()[pri:0, instance:testCases.TC_002_Logintest@3ce1e309]" name="test_login" class="testCases.TC_002_Logintest"/>
      </group> <!-- Master -->
      <group name="Sanity">
        <method signature="TC_002_Logintest.test_login()[pri:0, instance:testCases.TC_002_Logintest@3ce1e309]" name="test_login" class="testCases.TC_002_Logintest"/>
      </group> <!-- Sanity -->
      <group name="Regression">
        <method signature="TC_001_AccountRegistration.test_accountregistration()[pri:0, instance:testCases.TC_001_AccountRegistration@7fa98a66]" name="test_accountregistration" class="testCases.TC_001_AccountRegistration"/>
      </group> <!-- Regression -->
    </groups>
    <test started-at="2022-11-16T08:14:08 IST" name="opencartTest" finished-at="2022-11-16T08:14:26 IST" duration-ms="18617">
      <class name="testCases.TC_002_Logintest">
        <test-method is-config="true" signature="set(java.lang.String)[pri:0, instance:testCases.TC_002_Logintest@3ce1e309]" started-at="2022-11-16T08:14:22 IST" name="set" finished-at="2022-11-16T08:14:24 IST" duration-ms="2181" status="PASS">
          <params>
            <param index="0">
              <value>
                <![CDATA[chrome]]>
              </value>
            </param>
          </params>
          <reporter-output>
          </reporter-output>
        </test-method> <!-- set -->
        <test-method signature="test_login()[pri:0, instance:testCases.TC_002_Logintest@3ce1e309]" started-at="2022-11-16T08:14:24 IST" name="test_login" finished-at="2022-11-16T08:14:26 IST" duration-ms="1704" status="PASS">
          <reporter-output>
          </reporter-output>
        </test-method> <!-- test_login -->
        <test-method is-config="true" signature="teardown()[pri:0, instance:testCases.TC_002_Logintest@3ce1e309]" started-at="2022-11-16T08:14:26 IST" name="teardown" finished-at="2022-11-16T08:14:26 IST" duration-ms="239" status="PASS">
          <reporter-output>
          </reporter-output>
        </test-method> <!-- teardown -->
      </class> <!-- testCases.TC_002_Logintest -->
      <class name="testCases.TC_001_AccountRegistration">
        <test-method is-config="true" signature="set(java.lang.String)[pri:0, instance:testCases.TC_001_AccountRegistration@7fa98a66]" started-at="2022-11-16T08:14:08 IST" name="set" finished-at="2022-11-16T08:14:17 IST" duration-ms="9132" status="PASS">
          <params>
            <param index="0">
              <value>
                <![CDATA[chrome]]>
              </value>
            </param>
          </params>
          <reporter-output>
          </reporter-output>
        </test-method> <!-- set -->
        <test-method signature="test_accountregistration()[pri:0, instance:testCases.TC_001_AccountRegistration@7fa98a66]" started-at="2022-11-16T08:14:17 IST" name="test_accountregistration" finished-at="2022-11-16T08:14:22 IST" duration-ms="4816" status="PASS">
          <reporter-output>
          </reporter-output>
        </test-method> <!-- test_accountregistration -->
        <test-method is-config="true" signature="teardown()[pri:0, instance:testCases.TC_001_AccountRegistration@7fa98a66]" started-at="2022-11-16T08:14:22 IST" name="teardown" finished-at="2022-11-16T08:14:22 IST" duration-ms="240" status="PASS">
          <reporter-output>
          </reporter-output>
        </test-method> <!-- teardown -->
      </class> <!-- testCases.TC_001_AccountRegistration -->
    </test> <!-- opencartTest -->
  </suite> <!-- opencartSuite -->
</testng-results>
