<?xml version="1.0" encoding="UTF-8"?>
<testng-results ignored="0" total="1" passed="1" failed="0" skipped="0">
  <reporter-output>
  </reporter-output>
  <suite started-at="2022-11-21T15:09:37 IST" name="opencartSuite" finished-at="2022-11-21T15:09:42 IST" duration-ms="5041">
    <groups>
      <group name="Master">
        <method signature="TC_002_Logintest.test_login()[pri:0, instance:testCases.TC_002_Logintest@3349e9bb]" name="test_login" class="testCases.TC_002_Logintest"/>
      </group> <!-- Master -->
      <group name="Sanity">
        <method signature="TC_002_Logintest.test_login()[pri:0, instance:testCases.TC_002_Logintest@3349e9bb]" name="test_login" class="testCases.TC_002_Logintest"/>
      </group> <!-- Sanity -->
    </groups>
    <test started-at="2022-11-21T15:09:37 IST" name="opencartTest" finished-at="2022-11-21T15:09:42 IST" duration-ms="5041">
      <class name="testCases.TC_002_Logintest">
        <test-method is-config="true" signature="set(java.lang.String)[pri:0, instance:testCases.TC_002_Logintest@3349e9bb]" started-at="2022-11-21T15:09:37 IST" name="set" finished-at="2022-11-21T15:09:41 IST" duration-ms="3214" status="PASS">
          <params>
            <param index="0">
              <value>
                <![CDATA[chrome]]>
              </value>
            </param>
          </params>
          <reporter-output>
          </reporter-output>
        </test-method> <!-- set -->
        <test-method signature="test_login()[pri:0, instance:testCases.TC_002_Logintest@3349e9bb]" started-at="2022-11-21T15:09:41 IST" name="test_login" finished-at="2022-11-21T15:09:42 IST" duration-ms="1324" status="PASS">
          <reporter-output>
          </reporter-output>
        </test-method> <!-- test_login -->
        <test-method is-config="true" signature="teardown()[pri:0, instance:testCases.TC_002_Logintest@3349e9bb]" started-at="2022-11-21T15:09:42 IST" name="teardown" finished-at="2022-11-21T15:09:42 IST" duration-ms="192" status="PASS">
          <reporter-output>
          </reporter-output>
        </test-method> <!-- teardown -->
      </class> <!-- testCases.TC_002_Logintest -->
    </test> <!-- opencartTest -->
  </suite> <!-- opencartSuite -->
</testng-results>
